<?xml version="1.0" encoding="UTF-8"?>
<testsuite name="AlertsManagement" tests="1" skipped="0" failures="0" errors="0" timestamp="2025-12-03T08:41:38.060Z" hostname="fedora" time="16.215">
  <properties/>
  <testcase name="Create a new alert with priority and assigned responsible party" classname="AlertsManagement" time="16.215"/>
  <system-out><![CDATA[]]></system-out>
  <system-err><![CDATA[[Test worker] INFO  - 
  _____   ___   ___   _____     ___   _____     _     ___   _____   ___   ___  
 |_   _| | __| / __| |_   _|   / __| |_   _|   /_\   | _ \ |_   _| | __| |   \ 
   | |   | _|  \__ \   | |     \__ \   | |    / _ \  |   /   | |   | _|  | |) |
   |_|   |___| |___/   |_|     |___/   |_|   /_/ \_\ |_|_\   |_|   |___| |___/ 

Create a new alert with priority and assigned responsible party(alertsmanagement;create-a-new-alert-with-priority-and-assigned-responsible-party)
--------------------------------------------------------------------------------
[Test worker] INFO net.serenitybdd.core.webdriver.driverproviders.ChromeDriverProvider - Starting Chrome driver instance with capabilities:
[Test worker] INFO net.serenitybdd.core.webdriver.driverproviders.ChromeDriverProvider - Capabilities {acceptInsecureCerts: true, browserName: chrome, goog:chromeOptions: {args: [--start-maximized, --test-type, --no-sandbox, --ignore-certificate-errors, \n                   --disa..., --disable-default-apps, --disable-extensions-file-a..., \n                   --inco..., --disable-infobars,--disabl..., --remote-allow-origins=*], extensions: []}}
dic. 03, 2025 3:41:38 A. M. org.openqa.selenium.devtools.CdpVersionFinder findNearestMatch
ADVERTENCIA: Unable to find CDP implementation matching 142
dic. 03, 2025 3:41:38 A. M. org.openqa.selenium.chromium.ChromiumDriver lambda$new$5
ADVERTENCIA: Unable to find version of CDP to use for 142.0.7444.175. You may need to include a dependency on a specific version of the CDP using something similar to `org.seleniumhq.selenium:selenium-devtools-v86:4.16.1` where the version ("v86") matches the version of the chromium-based browser you're using and the version number of the artifact is the same as Selenium's.
[Test worker] INFO  - ?[92m
  _____   ___   ___   _____     ___     _     ___   ___   ___   ___  
 |_   _| | __| / __| |_   _|   | _ \   /_\   / __| / __| | __| |   \ 
   | |   | _|  \__ \   | |     |  _/  / _ \  \__ \ \__ \ | _|  | |) |
   |_|   |___| |___/   |_|     |_|   /_/ \_\ |___/ |___/ |___| |___/ 

Create a new alert with priority and assigned responsible party
----------------------------------------------------------------------?[0m
]]></system-err>
</testsuite>
