<?xml version="1.0" encoding="UTF-8"?>
<testsuite name="AlertsManagement" tests="1" skipped="0" failures="1" errors="0" timestamp="2025-12-03T04:58:50.650Z" hostname="JUNI110" time="21.631">
  <properties/>
  <testcase name="Create a new alert with priority and assigned responsible party" classname="AlertsManagement" time="21.631">
    <failure message="org.openqa.selenium.InvalidSelectorException: invalid selector: An invalid or illegal selector was specified&#10;  (Session info: chrome=142.0.7444.176)&#10;For documentation on this error, please visit: https://www.selenium.dev/documentation/webdriver/troubleshooting/errors#invalid-selector-exception&#10;Build info: version: '4.16.1', revision: '9b4c83354e'&#10;System info: os.name: 'Windows 11', os.arch: 'amd64', os.version: '10.0', java.version: '21.0.7'&#10;Driver info: org.openqa.selenium.chrome.ChromeDriver&#10;Command: [0470a93a28a7df5922a32ae7384d2f60, findElements {using=css selector, value=//div[@data-radix-popper-content-wrapper']//div[@role='option'][1]}]&#10;Capabilities {acceptInsecureCerts: true, browserName: chrome, browserVersion: 142.0.7444.176, chrome: {chromedriverVersion: 142.0.7444.175 (302067f14a4..., userDataDir: C:\Users\juni1\AppData\Loca...}, fedcm:accounts: true, goog:chromeOptions: {debuggerAddress: localhost:54444}, goog:processID: 31192, networkConnectionEnabled: false, pageLoadStrategy: normal, platformName: windows, proxy: Proxy(), se:cdp: ws://localhost:54444/devtoo..., se:cdpVersion: 142.0.7444.176, setWindowRect: true, strictFileInteractability: false, timeouts: {implicit: 0, pageLoad: 300000, script: 30000}, unhandledPromptBehavior: dismiss and notify, webauthn:extension:credBlob: true, webauthn:extension:largeBlob: true, webauthn:extension:minPinLength: true, webauthn:extension:prf: true, webauthn:virtualAuthenticators: true}&#10;Session ID: 0470a93a28a7df5922a32ae7384d2f60" type="org.openqa.selenium.InvalidSelectorException">org.openqa.selenium.InvalidSelectorException: invalid selector: An invalid or illegal selector was specified
  (Session info: chrome=142.0.7444.176)
For documentation on this error, please visit: https://www.selenium.dev/documentation/webdriver/troubleshooting/errors#invalid-selector-exception
Build info: version: '4.16.1', revision: '9b4c83354e'
System info: os.name: 'Windows 11', os.arch: 'amd64', os.version: '10.0', java.version: '21.0.7'
Driver info: org.openqa.selenium.chrome.ChromeDriver
Command: [0470a93a28a7df5922a32ae7384d2f60, findElements {using=css selector, value=//div[@data-radix-popper-content-wrapper']//div[@role='option'][1]}]
Capabilities {acceptInsecureCerts: true, browserName: chrome, browserVersion: 142.0.7444.176, chrome: {chromedriverVersion: 142.0.7444.175 (302067f14a4..., userDataDir: C:\Users\juni1\AppData\Loca...}, fedcm:accounts: true, goog:chromeOptions: {debuggerAddress: localhost:54444}, goog:processID: 31192, networkConnectionEnabled: false, pageLoadStrategy: normal, platformName: windows, proxy: Proxy(), se:cdp: ws://localhost:54444/devtoo..., se:cdpVersion: 142.0.7444.176, setWindowRect: true, strictFileInteractability: false, timeouts: {implicit: 0, pageLoad: 300000, script: 30000}, unhandledPromptBehavior: dismiss and notify, webauthn:extension:credBlob: true, webauthn:extension:largeBlob: true, webauthn:extension:minPinLength: true, webauthn:extension:prf: true, webauthn:virtualAuthenticators: true}
Session ID: 0470a93a28a7df5922a32ae7384d2f60
	at java.base@21.0.7/jdk.internal.reflect.DirectConstructorHandleAccessor.newInstance(DirectConstructorHandleAccessor.java:62)
	at java.base@21.0.7/java.lang.reflect.Constructor.newInstanceWithCaller(Constructor.java:502)
	at java.base@21.0.7/java.lang.reflect.Constructor.newInstance(Constructor.java:486)
	at app//org.openqa.selenium.remote.codec.w3c.W3CHttpResponseCodec.createException(W3CHttpResponseCodec.java:200)
	at app//org.openqa.selenium.remote.codec.w3c.W3CHttpResponseCodec.decode(W3CHttpResponseCodec.java:133)
	at app//org.openqa.selenium.remote.codec.w3c.W3CHttpResponseCodec.decode(W3CHttpResponseCodec.java:52)
	at app//org.openqa.selenium.remote.HttpCommandExecutor.execute(HttpCommandExecutor.java:191)
	at app//org.openqa.selenium.remote.service.DriverCommandExecutor.invokeExecute(DriverCommandExecutor.java:200)
	at app//org.openqa.selenium.remote.service.DriverCommandExecutor.execute(DriverCommandExecutor.java:175)
	at app//org.openqa.selenium.remote.RemoteWebDriver.execute(RemoteWebDriver.java:523)
	at app//org.openqa.selenium.remote.ElementLocation$ElementFinder$2.findElements(ElementLocation.java:182)
	at app//org.openqa.selenium.remote.ElementLocation.findElements(ElementLocation.java:103)
	at app//org.openqa.selenium.remote.RemoteWebDriver.findElements(RemoteWebDriver.java:373)
	at app//org.openqa.selenium.remote.RemoteWebDriver.findElements(RemoteWebDriver.java:367)
	at app//net.thucydides.core.webdriver.WebDriverFacade.findElements(WebDriverFacade.java:242)
	at app//net.serenitybdd.core.pages.PageObject.lambda$findAll$2(PageObject.java:1276)
	at app//net.serenitybdd.core.pages.FindAllWithRetry.find(FindAllWithRetry.java:19)
	at app//net.serenitybdd.core.pages.PageObject.findAllWithRetry(PageObject.java:1499)
	at app//net.serenitybdd.core.pages.PageObject.findAll(PageObject.java:1274)
	at app//net.serenitybdd.core.pages.PageObject.lambda$findAll$5(PageObject.java:1308)
	at app//net.serenitybdd.core.pages.FindAllWithRetry.find(FindAllWithRetry.java:19)
	at app//net.serenitybdd.core.pages.PageObject.findAllWithRetry(PageObject.java:1499)
	at app//net.serenitybdd.core.pages.PageObject.findAll(PageObject.java:1308)
	at app//net.serenitybdd.screenplay.targets.XPathOrCssTarget.resolveAllFor(XPathOrCssTarget.java:42)
	at app//net.serenitybdd.screenplay.targets.Target.resolveAllFor(Target.java:59)
	at app//net.serenitybdd.screenplay.questions.WebElementQuestion.checkForPresenceBy(WebElementQuestion.java:80)
	at app//net.serenitybdd.screenplay.questions.WebElementQuestion.answeredBy(WebElementQuestion.java:66)
	at app//net.serenitybdd.screenplay.questions.WebElementQuestion.answeredBy(WebElementQuestion.java:18)
	at app//net.serenitybdd.screenplay.QuestionConsequence.evaluateFor(QuestionConsequence.java:49)
	at app//net.serenitybdd.screenplay.EventualConsequence.evaluateFor(EventualConsequence.java:59)
	at app//net.serenitybdd.screenplay.Actor.check(Actor.java:420)
	at app//net.serenitybdd.screenplay.Actor.should(Actor.java:392)
	at app//net.serenitybdd.screenplay.waits.WaitUntilBuilder$1.performAs(WaitUntilBuilder.java:29)
	at app//net.serenitybdd.screenplay.Actor.performTask(Actor.java:299)
	at app//net.serenitybdd.screenplay.Actor.perform(Actor.java:274)
	at app//net.serenitybdd.screenplay.Actor.performSilently(Actor.java:254)
	at app//net.serenitybdd.screenplay.Actor.attemptsTo(Actor.java:211)
	at app//net.serenitybdd.screenplay.Actor.attemptsTo(Actor.java:222)
	at app//automationfe.certificacion.FleetGuard360.interactions.SelectTheR.performAs(SelectTheR.java:31)
	at app//automationfe.certificacion.FleetGuard360.interactions.SelectTheR$ByteBuddy$FbuhCQRJ.performAs$accessor$Pts02Th0(Unknown Source)
	at java.base@21.0.7/jdk.internal.reflect.DirectMethodHandleAccessor.invoke(DirectMethodHandleAccessor.java:103)
	at java.base@21.0.7/java.lang.reflect.Method.invoke(Method.java:580)
	at app//net.thucydides.core.steps.StepInterceptor.invokeMethod(StepInterceptor.java:524)
	at app//net.thucydides.core.steps.StepInterceptor.executeTestStepMethod(StepInterceptor.java:504)
	at app//net.thucydides.core.steps.StepInterceptor.runTestStep(StepInterceptor.java:476)
	at app//net.thucydides.core.steps.StepInterceptor.runOrSkipMethod(StepInterceptor.java:218)
	at app//net.thucydides.core.steps.StepInterceptor.testStepResult(StepInterceptor.java:205)
	at app//net.thucydides.core.steps.StepInterceptor.intercept(StepInterceptor.java:93)
	at app//net.thucydides.core.steps.ProxyConfiguration$InterceptorDispatcher.intercept(ProxyConfiguration.java:51)
	at app//automationfe.certificacion.FleetGuard360.interactions.SelectTheR$ByteBuddy$FbuhCQRJ.performAs(Unknown Source)
	at app//net.serenitybdd.screenplay.Actor.performTask(Actor.java:299)
	at app//net.serenitybdd.screenplay.Actor.perform(Actor.java:274)
	at app//net.serenitybdd.screenplay.Actor.attemptsTo(Actor.java:215)
	at app//net.serenitybdd.screenplay.Actor.attemptsTo(Actor.java:222)
	at app//automationfe.certificacion.FleetGuard360.tasks.FillAlertData.performAs(FillAlertData.java:25)
	at app//automationfe.certificacion.FleetGuard360.tasks.FillAlertData$ByteBuddy$rU5MDpNJ.performAs$accessor$WIXsjNL9(Unknown Source)
	at java.base@21.0.7/jdk.internal.reflect.DirectMethodHandleAccessor.invoke(DirectMethodHandleAccessor.java:103)
	at java.base@21.0.7/java.lang.reflect.Method.invoke(Method.java:580)
	at app//net.thucydides.core.steps.StepInterceptor.invokeMethod(StepInterceptor.java:524)
	at app//net.thucydides.core.steps.StepInterceptor.executeTestStepMethod(StepInterceptor.java:504)
	at app//net.thucydides.core.steps.StepInterceptor.runTestStep(StepInterceptor.java:476)
	at app//net.thucydides.core.steps.StepInterceptor.runOrSkipMethod(StepInterceptor.java:218)
	at app//net.thucydides.core.steps.StepInterceptor.testStepResult(StepInterceptor.java:205)
	at app//net.thucydides.core.steps.StepInterceptor.intercept(StepInterceptor.java:93)
	at app//net.thucydides.core.steps.ProxyConfiguration$InterceptorDispatcher.intercept(ProxyConfiguration.java:51)
	at app//automationfe.certificacion.FleetGuard360.tasks.FillAlertData$ByteBuddy$rU5MDpNJ.performAs(Unknown Source)
	at app//net.serenitybdd.screenplay.Actor.performTask(Actor.java:299)
	at app//net.serenitybdd.screenplay.Actor.perform(Actor.java:274)
	at app//net.serenitybdd.screenplay.Actor.attemptsTo(Actor.java:215)
	at app//net.serenitybdd.screenplay.Actor.attemptsTo(Actor.java:222)
	at app//automationfe.certificacion.FleetGuard360.stepdefinitions.AlertManagementStepDefinition.assignsAPriorityLevelToTheAlert(AlertManagementStepDefinition.java:35)
	at ✽.assigns a priority level to the alert(file:///C:/Users/juni1/Desktop/AutomationFE/src/test/resources/features/02_AlertsManagement.feature:8)
</failure>
  </testcase>
  <system-out><![CDATA[]]></system-out>
  <system-err><![CDATA[[Test worker] INFO  - 
  _____   ___   ___   _____     ___   _____     _     ___   _____   ___   ___  
 |_   _| | __| / __| |_   _|   / __| |_   _|   /_\   | _ \ |_   _| | __| |   \ 
   | |   | _|  \__ \   | |     \__ \   | |    / _ \  |   /   | |   | _|  | |) |
   |_|   |___| |___/   |_|     |___/   |_|   /_/ \_\ |_|_\   |_|   |___| |___/ 

Create a new alert with priority and assigned responsible party(alertsmanagement;create-a-new-alert-with-priority-and-assigned-responsible-party)
--------------------------------------------------------------------------------
[Test worker] INFO net.serenitybdd.core.webdriver.driverproviders.ChromeDriverProvider - Starting Chrome driver instance with capabilities:
[Test worker] INFO net.serenitybdd.core.webdriver.driverproviders.ChromeDriverProvider - Capabilities {acceptInsecureCerts: true, browserName: chrome, goog:chromeOptions: {args: [--start-maximized, --test-type, --no-sandbox, --ignore-certificate-errors, \n                   --disa..., --disable-default-apps, --disable-extensions-file-a..., \n                   --inco..., --disable-infobars,--disabl..., --remote-allow-origins=*], extensions: []}}
dic 02, 2025 11:58:54 P. M. org.openqa.selenium.devtools.CdpVersionFinder findNearestMatch
WARNING: Unable to find CDP implementation matching 142
dic 02, 2025 11:58:54 P. M. org.openqa.selenium.chromium.ChromiumDriver lambda$new$5
WARNING: Unable to find version of CDP to use for 142.0.7444.176. You may need to include a dependency on a specific version of the CDP using something similar to `org.seleniumhq.selenium:selenium-devtools-v86:4.16.1` where the version ("v86") matches the version of the chromium-based browser you're using and the version number of the artifact is the same as Selenium's.
[Test worker] ERROR  - ?[91m
  _____   ___   ___   _____     ___   ___   ___    ___    ___ 
 |_   _| | __| / __| |_   _|   | __| | _ \ | _ \  / _ \  | _ \
   | |   | _|  \__ \   | |     | _|  |   / |   / | (_) | |   /
   |_|   |___| |___/   |_|     |___| |_|_\ |_|_\  \___/  |_|_\

Create a new alert with priority and assigned responsible party
---------------------------------------------------------------?[0m
[Test worker] ERROR  - ?[91m    Test failed at step: Junior select the r?[0m
[Test worker] ERROR  - ?[91m    invalid selector: An invalid or illegal selector was specified?[0m
]]></system-err>
</testsuite>
